{"/Users/chrkaatz/development/ds4g/experiments/kit/2nd-try/button/src/components/Button/Button.tsx": {"path":"/Users/chrkaatz/development/ds4g/experiments/kit/2nd-try/button/src/components/Button/Button.tsx","statementMap":{"0":{"start":{"line":15,"column":15},"end":{"line":28,"column":1}},"1":{"start":{"line":16,"column":2},"end":{"line":27,"column":4}}},"fnMap":{"0":{"name":"(anonymous_0)","decl":{"start":{"line":15,"column":15},"end":{"line":15,"column":16}},"loc":{"start":{"line":15,"column":39},"end":{"line":28,"column":1}},"line":15}},"branchMap":{},"s":{"0":1,"1":2},"f":{"0":2},"b":{},"_coverageSchema":"1a1c01bbd47fc00a2c39e90264f33305004495a9","hash":"5f627d84d0e0a544aa863893e8164ff7e6d7b613"}
}
